<?xml version="1.0" encoding="UTF-8"?>
<!-- Generated by org.testng.reporters.JUnitXMLReporter -->
<testsuite hostname="DESKTOP-A9DN365" ignored="4" name="Default test" tests="1" failures="0" timestamp="03 Dec 2021 19:04:20 GMT" time="0.135" errors="0">
  <testcase name="Testcase3" time="0.033" classname="com.testNg.testNgAnnotations"/>
  <testcase name="testcase2" time="0.0" classname="com.testNg.testNgAnnotations">
    <ignored/>
  </testcase> <!-- testcase2 -->
  <testcase name="testcase4" time="0.0" classname="com.testNg.testNgAnnotations">
    <ignored/>
  </testcase> <!-- testcase4 -->
  <testcase name="testcase5" time="0.0" classname="com.testNg.testNgAnnotations">
    <ignored/>
  </testcase> <!-- testcase5 -->
  <testcase name="testcase1" time="0.0" classname="com.testNg.testNgAnnotations">
    <ignored/>
  </testcase> <!-- testcase1 -->
</testsuite> <!-- Default test -->
